[0.235s] DEBUG:colcon:Command line arguments: ['/usr/bin/colcon', 'list', '-p', '--base-paths', '/home/desktop/camera_ws']
[0.236s] DEBUG:colcon:Parsed command line arguments: Namespace(log_base=None, log_level=None, verb_name='list', build_base='build', ignore_user_meta=False, metas=['./colcon.meta'], base_paths=['/home/desktop/camera_ws'], packages_ignore=None, packages_ignore_regex=None, paths=None, packages_up_to=None, packages_up_to_regex=None, packages_above=None, packages_above_and_dependencies=None, packages_above_depth=None, packages_select_by_dep=None, packages_skip_by_dep=None, packages_skip_up_to=None, packages_select_build_failed=False, packages_skip_build_finished=False, packages_select_test_failures=False, packages_skip_test_passed=False, packages_select=None, packages_skip=None, packages_select_regex=None, packages_skip_regex=None, packages_start=None, packages_end=None, allow_overriding=[], topological_order=False, names_only=False, paths_only=True, topological_graph=False, topological_graph_dot=False, topological_graph_density=False, topological_graph_legend=False, topological_graph_dot_cluster=False, topological_graph_dot_include_skipped=False, verb_parser=<colcon_defaults.argument_parser.defaults.DefaultArgumentsDecorator object at 0x72b5b8525180>, verb_extension=<colcon_package_information.verb.list.ListVerb object at 0x72b5b8524280>, main=<bound method ListVerb.main of <colcon_package_information.verb.list.ListVerb object at 0x72b5b8524280>>)
[0.656s] Level 1:colcon.colcon_core.package_discovery:discover_packages(colcon_meta) check parameters
[0.656s] Level 1:colcon.colcon_core.package_discovery:discover_packages(recursive) check parameters
[0.656s] Level 1:colcon.colcon_core.package_discovery:discover_packages(ignore) check parameters
[0.656s] Level 1:colcon.colcon_core.package_discovery:discover_packages(path) check parameters
[0.656s] Level 1:colcon.colcon_core.package_discovery:discover_packages(recursive) discover
[0.657s] INFO:colcon.colcon_core.package_discovery:Crawling recursively for packages in '/home/desktop/camera_ws'
[0.657s] Level 1:colcon.colcon_core.package_identification:_identify(/home/desktop/camera_ws) by extensions ['ignore', 'ignore_ament_install']
[0.657s] Level 1:colcon.colcon_core.package_identification:_identify(/home/desktop/camera_ws) by extension 'ignore'
[0.657s] Level 1:colcon.colcon_core.package_identification:_identify(/home/desktop/camera_ws) by extension 'ignore_ament_install'
[0.657s] Level 1:colcon.colcon_core.package_identification:_identify(/home/desktop/camera_ws) by extensions ['colcon_pkg']
[0.657s] Level 1:colcon.colcon_core.package_identification:_identify(/home/desktop/camera_ws) by extension 'colcon_pkg'
[0.657s] Level 1:colcon.colcon_core.package_identification:_identify(/home/desktop/camera_ws) by extensions ['colcon_meta']
[0.657s] Level 1:colcon.colcon_core.package_identification:_identify(/home/desktop/camera_ws) by extension 'colcon_meta'
[0.658s] Level 1:colcon.colcon_core.package_identification:_identify(/home/desktop/camera_ws) by extensions ['ros']
[0.658s] Level 1:colcon.colcon_core.package_identification:_identify(/home/desktop/camera_ws) by extension 'ros'
[0.680s] Level 1:colcon.colcon_core.package_identification:_identify(/home/desktop/camera_ws) by extensions ['cmake', 'python']
[0.680s] Level 1:colcon.colcon_core.package_identification:_identify(/home/desktop/camera_ws) by extension 'cmake'
[0.680s] Level 1:colcon.colcon_core.package_identification:_identify(/home/desktop/camera_ws) by extension 'python'
[0.680s] Level 1:colcon.colcon_core.package_identification:_identify(/home/desktop/camera_ws) by extensions ['python_setup_py']
[0.680s] Level 1:colcon.colcon_core.package_identification:_identify(/home/desktop/camera_ws) by extension 'python_setup_py'
[0.680s] Level 1:colcon.colcon_core.package_identification:_identify(/home/desktop/camera_ws/log) by extensions ['ignore', 'ignore_ament_install']
[0.680s] Level 1:colcon.colcon_core.package_identification:_identify(/home/desktop/camera_ws/log) by extension 'ignore'
[0.681s] Level 1:colcon.colcon_core.package_identification:_identify(/home/desktop/camera_ws/log) ignored
[0.681s] Level 1:colcon.colcon_core.package_identification:_identify(/home/desktop/camera_ws/src) by extensions ['ignore', 'ignore_ament_install']
[0.681s] Level 1:colcon.colcon_core.package_identification:_identify(/home/desktop/camera_ws/src) by extension 'ignore'
[0.681s] Level 1:colcon.colcon_core.package_identification:_identify(/home/desktop/camera_ws/src) by extension 'ignore_ament_install'
[0.681s] Level 1:colcon.colcon_core.package_identification:_identify(/home/desktop/camera_ws/src) by extensions ['colcon_pkg']
[0.681s] Level 1:colcon.colcon_core.package_identification:_identify(/home/desktop/camera_ws/src) by extension 'colcon_pkg'
[0.681s] Level 1:colcon.colcon_core.package_identification:_identify(/home/desktop/camera_ws/src) by extensions ['colcon_meta']
[0.681s] Level 1:colcon.colcon_core.package_identification:_identify(/home/desktop/camera_ws/src) by extension 'colcon_meta'
[0.681s] Level 1:colcon.colcon_core.package_identification:_identify(/home/desktop/camera_ws/src) by extensions ['ros']
[0.681s] Level 1:colcon.colcon_core.package_identification:_identify(/home/desktop/camera_ws/src) by extension 'ros'
[0.681s] Level 1:colcon.colcon_core.package_identification:_identify(/home/desktop/camera_ws/src) by extensions ['cmake', 'python']
[0.682s] Level 1:colcon.colcon_core.package_identification:_identify(/home/desktop/camera_ws/src) by extension 'cmake'
[0.682s] Level 1:colcon.colcon_core.package_identification:_identify(/home/desktop/camera_ws/src) by extension 'python'
[0.682s] Level 1:colcon.colcon_core.package_identification:_identify(/home/desktop/camera_ws/src) by extensions ['python_setup_py']
[0.682s] Level 1:colcon.colcon_core.package_identification:_identify(/home/desktop/camera_ws/src) by extension 'python_setup_py'
[0.682s] Level 1:colcon.colcon_core.package_identification:_identify(/home/desktop/camera_ws/src/opencv_tools) by extensions ['ignore', 'ignore_ament_install']
[0.682s] Level 1:colcon.colcon_core.package_identification:_identify(/home/desktop/camera_ws/src/opencv_tools) by extension 'ignore'
[0.682s] Level 1:colcon.colcon_core.package_identification:_identify(/home/desktop/camera_ws/src/opencv_tools) by extension 'ignore_ament_install'
[0.682s] Level 1:colcon.colcon_core.package_identification:_identify(/home/desktop/camera_ws/src/opencv_tools) by extensions ['colcon_pkg']
[0.682s] Level 1:colcon.colcon_core.package_identification:_identify(/home/desktop/camera_ws/src/opencv_tools) by extension 'colcon_pkg'
[0.682s] Level 1:colcon.colcon_core.package_identification:_identify(/home/desktop/camera_ws/src/opencv_tools) by extensions ['colcon_meta']
[0.682s] Level 1:colcon.colcon_core.package_identification:_identify(/home/desktop/camera_ws/src/opencv_tools) by extension 'colcon_meta'
[0.682s] Level 1:colcon.colcon_core.package_identification:_identify(/home/desktop/camera_ws/src/opencv_tools) by extensions ['ros']
[0.682s] Level 1:colcon.colcon_core.package_identification:_identify(/home/desktop/camera_ws/src/opencv_tools) by extension 'ros'
[0.688s] DEBUG:colcon.colcon_core.package_identification:Package '/home/desktop/camera_ws/src/opencv_tools' with type 'ros.ament_python' and name 'opencv_tools'
[0.688s] Level 1:colcon.colcon_core.package_discovery:discover_packages(recursive) using defaults
