running egg_info
creating ../../build/opencv_tools/opencv_tools.egg-info
writing ../../build/opencv_tools/opencv_tools.egg-info/PKG-INFO
writing dependency_links to ../../build/opencv_tools/opencv_tools.egg-info/dependency_links.txt
writing entry points to ../../build/opencv_tools/opencv_tools.egg-info/entry_points.txt
writing requirements to ../../build/opencv_tools/opencv_tools.egg-info/requires.txt
writing top-level names to ../../build/opencv_tools/opencv_tools.egg-info/top_level.txt
writing manifest file '../../build/opencv_tools/opencv_tools.egg-info/SOURCES.txt'
reading manifest file '../../build/opencv_tools/opencv_tools.egg-info/SOURCES.txt'
writing manifest file '../../build/opencv_tools/opencv_tools.egg-info/SOURCES.txt'
running build
running build_py
creating /home/desktop/camera_ws/build/opencv_tools/build
creating /home/desktop/camera_ws/build/opencv_tools/build/lib
creating /home/desktop/camera_ws/build/opencv_tools/build/lib/opencv_tools
copying opencv_tools/__init__.py -> /home/desktop/camera_ws/build/opencv_tools/build/lib/opencv_tools
running install
running install_lib
creating /home/desktop/camera_ws/install/opencv_tools/lib/python3.10/site-packages/opencv_tools
copying /home/desktop/camera_ws/build/opencv_tools/build/lib/opencv_tools/__init__.py -> /home/desktop/camera_ws/install/opencv_tools/lib/python3.10/site-packages/opencv_tools
byte-compiling /home/desktop/camera_ws/install/opencv_tools/lib/python3.10/site-packages/opencv_tools/__init__.py to __init__.cpython-310.pyc
running install_data
creating /home/desktop/camera_ws/install/opencv_tools/share/ament_index
creating /home/desktop/camera_ws/install/opencv_tools/share/ament_index/resource_index
creating /home/desktop/camera_ws/install/opencv_tools/share/ament_index/resource_index/packages
copying resource/opencv_tools -> /home/desktop/camera_ws/install/opencv_tools/share/ament_index/resource_index/packages
copying package.xml -> /home/desktop/camera_ws/install/opencv_tools/share/opencv_tools
running install_egg_info
Copying ../../build/opencv_tools/opencv_tools.egg-info to /home/desktop/camera_ws/install/opencv_tools/lib/python3.10/site-packages/opencv_tools-0.0.0-py3.10.egg-info
running install_scripts
writing list of installed files to '/home/desktop/camera_ws/build/opencv_tools/install.log'
