[0.768s] Invoking command in '/home/desktop/camera_ws/src/opencv_tools': PYTHONPATH=/home/desktop/camera_ws/build/opencv_tools/prefix_override:/home/desktop/camera_ws/install/opencv_tools/lib/python3.10/site-packages:${PYTHONPATH} /usr/bin/python3 -W ignore:setup.py install is deprecated setup.py egg_info --egg-base ../../build/opencv_tools build --build-base /home/desktop/camera_ws/build/opencv_tools/build install --record /home/desktop/camera_ws/build/opencv_tools/install.log --single-version-externally-managed install_data
[1.058s] running egg_info
[1.059s] writing ../../build/opencv_tools/opencv_tools.egg-info/PKG-INFO
[1.059s] writing dependency_links to ../../build/opencv_tools/opencv_tools.egg-info/dependency_links.txt
[1.060s] writing entry points to ../../build/opencv_tools/opencv_tools.egg-info/entry_points.txt
[1.060s] writing requirements to ../../build/opencv_tools/opencv_tools.egg-info/requires.txt
[1.060s] writing top-level names to ../../build/opencv_tools/opencv_tools.egg-info/top_level.txt
[1.062s] reading manifest file '../../build/opencv_tools/opencv_tools.egg-info/SOURCES.txt'
[1.064s] writing manifest file '../../build/opencv_tools/opencv_tools.egg-info/SOURCES.txt'
[1.064s] running build
[1.064s] running build_py
[1.064s] copying opencv_tools/webcam_pub.py -> /home/desktop/camera_ws/build/opencv_tools/build/lib/opencv_tools
[1.064s] copying opencv_tools/webcam_sub.py -> /home/desktop/camera_ws/build/opencv_tools/build/lib/opencv_tools
[1.065s] running install
[1.065s] running install_lib
[1.066s] copying /home/desktop/camera_ws/build/opencv_tools/build/lib/opencv_tools/webcam_pub.py -> /home/desktop/camera_ws/install/opencv_tools/lib/python3.10/site-packages/opencv_tools
[1.066s] copying /home/desktop/camera_ws/build/opencv_tools/build/lib/opencv_tools/webcam_sub.py -> /home/desktop/camera_ws/install/opencv_tools/lib/python3.10/site-packages/opencv_tools
[1.067s] byte-compiling /home/desktop/camera_ws/install/opencv_tools/lib/python3.10/site-packages/opencv_tools/webcam_pub.py to webcam_pub.cpython-310.pyc
[1.068s] byte-compiling /home/desktop/camera_ws/install/opencv_tools/lib/python3.10/site-packages/opencv_tools/webcam_sub.py to webcam_sub.cpython-310.pyc
[1.068s] running install_data
[1.068s] running install_egg_info
[1.070s] removing '/home/desktop/camera_ws/install/opencv_tools/lib/python3.10/site-packages/opencv_tools-0.0.0-py3.10.egg-info' (and everything under it)
[1.071s] Copying ../../build/opencv_tools/opencv_tools.egg-info to /home/desktop/camera_ws/install/opencv_tools/lib/python3.10/site-packages/opencv_tools-0.0.0-py3.10.egg-info
[1.072s] running install_scripts
[1.100s] Installing img_publisher script to /home/desktop/camera_ws/install/opencv_tools/lib/opencv_tools
[1.100s] Installing img_subscriber script to /home/desktop/camera_ws/install/opencv_tools/lib/opencv_tools
[1.101s] writing list of installed files to '/home/desktop/camera_ws/build/opencv_tools/install.log'
[1.146s] Invoked command in '/home/desktop/camera_ws/src/opencv_tools' returned '0': PYTHONPATH=/home/desktop/camera_ws/build/opencv_tools/prefix_override:/home/desktop/camera_ws/install/opencv_tools/lib/python3.10/site-packages:${PYTHONPATH} /usr/bin/python3 -W ignore:setup.py install is deprecated setup.py egg_info --egg-base ../../build/opencv_tools build --build-base /home/desktop/camera_ws/build/opencv_tools/build install --record /home/desktop/camera_ws/build/opencv_tools/install.log --single-version-externally-managed install_data
